2025-10-14 18:35:32,475 - __main__ - INFO - Initializing Task Manager Application...
2025-10-14 18:35:32,476 - core.task_manager - INFO - No tasks file found, starting with empty list
2025-10-14 18:35:32,477 - __main__ - ERROR - Failed to initialize components: argument should be a str or an os.PathLike object where __fspath__ returns a str, not 'TaskManager'
2025-10-14 18:38:14,883 - main - INFO - Initializing Task Manager Application...
2025-10-14 18:38:14,884 - core.task_manager - INFO - No tasks file found, starting with empty list
2025-10-14 18:38:14,884 - main - ERROR - Failed to initialize components: argument should be a str or an os.PathLike object where __fspath__ returns a str, not 'TaskManager'
2025-10-14 18:38:14,885 - main - INFO - Shutting down Task Manager Application...
2025-10-14 18:38:14,885 - main - INFO - Shutdown complete
2025-10-14 18:38:17,889 - urllib3.connectionpool - DEBUG - Starting new HTTP connection (1): localhost:5000
2025-10-14 18:38:17,895 - urllib3.connectionpool - DEBUG - http://localhost:5000 "GET /api/health HTTP/1.1" 200 100
2025-10-14 18:38:17,899 - urllib3.connectionpool - DEBUG - Starting new HTTP connection (1): localhost:5000
2025-10-14 18:38:17,903 - urllib3.connectionpool - DEBUG - http://localhost:5000 "GET /api/health HTTP/1.1" 200 100
2025-10-14 18:38:17,907 - urllib3.connectionpool - DEBUG - Starting new HTTP connection (1): localhost:5000
2025-10-14 18:38:17,911 - urllib3.connectionpool - DEBUG - http://localhost:5000 "POST /api/tasks HTTP/1.1" 405 153
2025-10-14 18:38:17,914 - urllib3.connectionpool - DEBUG - Starting new HTTP connection (1): localhost:5000
2025-10-14 18:38:17,919 - urllib3.connectionpool - DEBUG - http://localhost:5000 "POST /api/tasks HTTP/1.1" 405 153
2025-10-14 18:38:17,922 - urllib3.connectionpool - DEBUG - Starting new HTTP connection (1): localhost:5000
2025-10-14 18:38:17,927 - urllib3.connectionpool - DEBUG - http://localhost:5000 "POST /api/tasks HTTP/1.1" 405 153
2025-10-14 18:38:17,930 - urllib3.connectionpool - DEBUG - Starting new HTTP connection (1): localhost:5000
2025-10-14 18:38:17,936 - urllib3.connectionpool - DEBUG - http://localhost:5000 "GET /api/tasks HTTP/1.1" 500 34
2025-10-14 18:39:02,388 - main - INFO - Shutting down Task Manager Application...
2025-10-14 18:39:02,388 - main - INFO - Shutdown complete
2025-10-14 19:51:58,214 - __main__ - INFO - Initializing Task Manager Application...
2025-10-14 19:51:58,217 - core.task_manager - INFO - Loaded 2 tasks from data/tasks.json
2025-10-14 19:51:58,221 - __main__ - ERROR - Failed to initialize components: argument should be a str or an os.PathLike object where __fspath__ returns a str, not 'TaskManager'
2025-10-14 19:51:58,222 - __main__ - INFO - Shutting down Task Manager Application...
2025-10-14 19:51:58,222 - __main__ - INFO - Shutdown complete
2025-10-14 19:52:11,663 - __main__ - INFO - Initializing Task Manager Application...
2025-10-14 19:52:11,664 - core.task_manager - INFO - Loaded 2 tasks from data/tasks.json
2025-10-14 19:52:11,666 - __main__ - ERROR - Failed to initialize components: argument should be a str or an os.PathLike object where __fspath__ returns a str, not 'TaskManager'
2025-10-14 19:52:11,666 - __main__ - INFO - Shutting down Task Manager Application...
2025-10-14 19:52:11,666 - __main__ - INFO - Shutdown complete
2025-10-14 19:52:15,895 - __main__ - INFO - Initializing Task Manager Application...
2025-10-14 19:52:15,896 - core.task_manager - INFO - Loaded 2 tasks from data/tasks.json
2025-10-14 19:52:15,897 - __main__ - ERROR - Failed to initialize components: argument should be a str or an os.PathLike object where __fspath__ returns a str, not 'TaskManager'
2025-10-14 19:52:15,897 - __main__ - INFO - Shutting down Task Manager Application...
2025-10-14 19:52:15,898 - __main__ - INFO - Shutdown complete
2025-10-14 19:52:21,098 - main - INFO - Initializing Task Manager Application...
2025-10-14 19:52:21,099 - core.task_manager - INFO - Loaded 2 tasks from data/tasks.json
2025-10-14 19:52:21,100 - main - ERROR - Failed to initialize components: argument should be a str or an os.PathLike object where __fspath__ returns a str, not 'TaskManager'
2025-10-14 19:52:21,100 - main - INFO - Shutting down Task Manager Application...
2025-10-14 19:52:21,100 - main - INFO - Shutdown complete
2025-10-14 19:52:24,108 - urllib3.connectionpool - DEBUG - Starting new HTTP connection (1): localhost:5000
2025-10-14 19:52:24,115 - main - INFO - Shutting down Task Manager Application...
2025-10-14 19:52:24,116 - main - INFO - Shutdown complete
